c:\work\test\passgen\passgen\x64\release\vc143.pdb
c:\work\test\passgen\passgen\x64\release\.netframework,version=v4.7.2.assemblyattributes.obj
c:\work\test\passgen\passgen\x64\release\myform.obj
c:\work\test\passgen\passgen\x64\release\password.exe
c:\work\test\passgen\passgen\x64\release\password.vcxproj.assemblyreference.cache
c:\work\test\passgen\passgen\x64\release\password.vcxproj.generateresource.cache
c:\work\test\passgen\passgen\x64\release\password.vcxproj.suggestedbindingredirects.cache
c:\work\test\passgen\passgen\x64\release\password.myform.resources
c:\work\test\passgen\passgen\x64\release\password.pdb
c:\work\test\passgen\passgen\x64\release\password.tlog\cl.command.1.tlog
c:\work\test\passgen\passgen\x64\release\password.tlog\cl.read.1.tlog
c:\work\test\passgen\passgen\x64\release\password.tlog\cl.write.1.tlog
c:\work\test\passgen\passgen\x64\release\password.tlog\link.18632.read.1.tlog
c:\work\test\passgen\passgen\x64\release\password.tlog\link.18632.read.2.tlog
c:\work\test\passgen\passgen\x64\release\password.tlog\link.18632.write.1.tlog
c:\work\test\passgen\passgen\x64\release\password.tlog\link.18948.read.1.tlog
c:\work\test\passgen\passgen\x64\release\password.tlog\link.18948.read.2.tlog
c:\work\test\passgen\passgen\x64\release\password.tlog\link.18948.write.1.tlog
c:\work\test\passgen\passgen\x64\release\password.tlog\link.command.1.tlog
c:\work\test\passgen\passgen\x64\release\password.tlog\link.read.1.tlog
c:\work\test\passgen\passgen\x64\release\password.tlog\link.read.2.tlog
c:\work\test\passgen\passgen\x64\release\password.tlog\link.write.1.tlog
c:\work\test\passgen\passgen\x64\release\password.tlog\metagen.read.1.tlog
c:\work\test\passgen\passgen\x64\release\password.tlog\metagen.write.1.tlog
c:\work\test\passgen\passgen\x64\release\password.tlog\resgen.command.1.tlog
c:\work\test\passgen\passgen\x64\release\password.tlog\resgen.read.1.tlog
c:\work\test\passgen\passgen\x64\release\password.tlog\resgen.write.1.tlog
