c:\work\test\passgen\password\x64\debug\vc143.pdb
c:\work\test\passgen\password\x64\debug\.netframework,version=v4.7.2.assemblyattributes.obj
c:\work\test\passgen\password\x64\debug\myform.obj
c:\work\test\passgen\passgen\x64\debug\vc143.pdb
c:\work\test\passgen\passgen\x64\debug\.netframework,version=v4.7.2.assemblyattributes.obj
c:\work\test\passgen\passgen\x64\debug\myform.obj
c:\work\test\passgen\password\x64\debug\password.exe
c:\work\test\passgen\password\x64\debug\password.pdb
c:\work\test\passgen\passgen\x64\debug\password.exe
c:\work\test\passgen\passgen\x64\debug\password.pdb
c:\work\test\passgen\password\x64\debug\password.lib
c:\work\test\passgen\password\x64\debug\password.exp
c:\work\test\passgen\password\x64\debug\python310_d.dll
c:\work\test\passgen\password\x64\debug\zlibd1.dll
c:\work\test\passgen\passgen\x64\debug\password.lib
c:\work\test\passgen\passgen\x64\debug\password.exp
c:\work\test\passgen\passgen\x64\debug\password.exe.metagen
c:\work\test\passgen\passgen\x64\debug\password.tlog\cl.command.1.tlog
c:\work\test\passgen\passgen\x64\debug\password.tlog\cl.read.1.tlog
c:\work\test\passgen\passgen\x64\debug\password.tlog\cl.write.1.tlog
c:\work\test\passgen\passgen\x64\debug\password.tlog\link.command.1.tlog
c:\work\test\passgen\passgen\x64\debug\password.tlog\link.read.1.tlog
c:\work\test\passgen\passgen\x64\debug\password.tlog\link.write.1.tlog
c:\work\test\passgen\passgen\x64\debug\password.tlog\metagen.read.1.tlog
c:\work\test\passgen\passgen\x64\debug\password.tlog\metagen.write.1.tlog
c:\work\test\passgen\passgen\x64\debug\password.tlog\password.write.1u.tlog
c:\work\test\passgen\passgen\x64\debug\password.tlog\resgen.command.1.tlog
c:\work\test\passgen\passgen\x64\debug\password.tlog\resgen.read.1.tlog
c:\work\test\passgen\passgen\x64\debug\password.tlog\resgen.write.1.tlog
